<?xml version="1.0" encoding="UTF-8"?>
<!-- Generated by org.testng.reporters.JUnitXMLReporter -->
<testsuite ignored="0" hostname="DESKTOP-RAD7ACU" failures="1" tests="2" name="Test" time="16.721" errors="0" timestamp="2023-04-27T09:41:52 IST">
  <testcase classname="testCases.VerifyLogin" name="login" time="0.612">
    <failure type="java.lang.AssertionError" message="The following asserts failed:
	Error message is not valid expected [Please check your username. If you still can&amp;apos;t log in, contact your Salesforce administrator.] but found [Please check your username and password. If you still can&amp;apos;t log in, contact your Salesforce administrator.]">
      <![CDATA[java.lang.AssertionError: The following asserts failed:
Error message is not valid expected [Please check your username. If you still can't log in, contact your Salesforce administrator.] but found [Please check your username and password. If you still can't log in, contact your Salesforce administrator.]
at testCases.VerifyLogin.login(VerifyLogin.java:26)
at java.base/java.util.ArrayList.forEach(ArrayList.java:1511)
... Removed 29 stack frames]]>
    </failure>
  </testcase> <!-- login -->
  <testcase classname="testCases.ValidateSignup" name="signup" time="7.425"/>
</testsuite> <!-- Test -->
