<?xml version="1.0" encoding="UTF-8"?>
<testng-results ignored="0" total="1" passed="1" failed="0" skipped="0">
  <reporter-output>
  </reporter-output>
  <suite started-at="2023-05-01T22:48:11 IST" name="Default suite" finished-at="2023-05-01T22:48:24 IST" duration-ms="13529">
    <groups>
    </groups>
    <test started-at="2023-05-01T22:48:11 IST" name="Default test" finished-at="2023-05-01T22:48:24 IST" duration-ms="13529">
      <class name="testCases.ValidateSignup">
        <test-method is-config="true" signature="launchBrowser()[pri:0, instance:testCases.ValidateSignup@3bf9ce3e]" started-at="2023-05-01T22:48:11 IST" name="launchBrowser" finished-at="2023-05-01T22:48:16 IST" duration-ms="5234" status="PASS">
          <reporter-output>
          </reporter-output>
        </test-method> <!-- launchBrowser -->
        <test-method signature="signup()[pri:0, instance:testCases.ValidateSignup@3bf9ce3e]" started-at="2023-05-01T22:48:16 IST" name="signup" finished-at="2023-05-01T22:48:24 IST" duration-ms="7857" status="PASS">
          <reporter-output>
          </reporter-output>
        </test-method> <!-- signup -->
        <test-method is-config="true" signature="quitBrowser()[pri:0, instance:testCases.ValidateSignup@3bf9ce3e]" started-at="2023-05-01T22:48:24 IST" name="quitBrowser" finished-at="2023-05-01T22:48:24 IST" duration-ms="363" status="PASS">
          <reporter-output>
          </reporter-output>
        </test-method> <!-- quitBrowser -->
      </class> <!-- testCases.ValidateSignup -->
    </test> <!-- Default test -->
  </suite> <!-- Default suite -->
</testng-results>
